<mxfile host="Chrome" modified="2021-04-12T12:25:34.299Z" agent="5.0 (X11; Linux x86_64) AppleWebKit/537.36 (KHTML, like Gecko) Chrome/89.0.4389.114 Safari/537.36" etag="X2AgkVmmA4tukISDeaPP" version="14.5.0" type="device"><diagram id="RCusqjx_xYJcoAcSKzop" name="PÃ¡gina-1">7Vtbc5s4FP41nkkf4kHceXTipt2227RNZzbdNwEyJsWIghzb/fUrgTBI3Jz4kkzXnsyUcyQhnaNzpE8f6ki7XqzfpTCZ/419FI1UxV+PtOlIVYGqOfQfptkUGtXUC0WQhj6vVCnuwt+IKxWuXYY+yoSKBOOIhImo9HAcI48IOpimeCVWm+FI7DWBAWoo7jwYNbX/hD6ZF1pbtSr9exQG87JnYHKDF7CszC3J5tDHq5pKezvSrlOMSfG0WF+jiDmv9EvR7qajdDuwFMVklwZq0eARRktu2wWMojdU5cKMaiZzmN0l0ENUcwHG489v+LjJpnQG8qlvuIhTMscBjmH0ttJepXgZ+4j1qFCpqvMJ44QqAVU+IEI2fKLhkmCqmpNFxEvROiT3tecf7FVjg0vTNX9zLmy44MNsnvfJGjXdwj2V4WXqcUM0HkkwDRCvxcOSmVhrxl35DuEFIumGVkhRBEn4KIYH5FEWbOtVE0Ef+Fy0z4vWmBc+H1fLMPLDOGhMg+jk1TwkqJg4bbqiWSg6tNMfjyglaN1ra1mq8RDmOWxzcVUlBDC5bl5LBl3Z3zt6l3d4qL6wa3RFdI1qtvhGPZJvjIZvRqoZEZYR4SN9DEhuZKFyS0XuP66kPWz11KdsjIQk+dMNK6NVxzFcoIz5cOzhxYiF67ZtSzd9PWMyR2n+8pbepa7zup19u6ncydNH47KFd6ex0Jp7257RKJvpbuQHnZ2acMECNHazIk5rI6haP9kRUoLQXShhjzEmaDhDXOj9DPKcul2SKIwR1/sw/XlLW4UkX4PHinGYdLKkbALNbFKdlmwCygHS6ePUmPh3Lv4Q+mZ8p/76ukoWl8/LMd+jU+elCBLcHfDifN8s88F8phG/R4atqHET6u8sxPFf8Qx3RzidtDF4fk+5hSQkLK66uviOFgndLBmguI0JjnCweWKU+thbLvJwGozUYuH/5JaKCLooutrG7zXtPs1frs3yH8tJkuKfqFai5D9aMsMx4RAFqFxuq5cVdZSxqok//UA7r7S9aEZLQhhaMyGcA+SD+s3+9mBlj+594nx4sIP3D5Ovl05zQ74oJ5Wu1LEwj+avJSbCMnLpFV5kW00auBeqQROMjpUORpGe31Ttyzi5qYVP0Vmhz0FsvpxD309RljEIq4zHgBUUnd2RdG8olcUw+Y6/4DCfT6ZJ2HPuYuOK/uUZda2MjCmzgsmqJGuSrEuyIcmmJFuSbEuyI8pMomMSZU2SDUm2JNmpvZ/ZByT7gGQfkOwDkn1Asg9I9gHJPiDZV8lAsg9I9gHJPiDZByr76F+ZsY30bEninbHyFvydAiy3Z6y14xZWbEdRUyp2lSkkkGwS9CXFCfXQZltHbC9uF0/HaVIe77RdpHO8cJfZroh/rwm+BJYzdmo/IK7QYqFtm83pt1um3zKONf3Occ+X50XxvCgO5oycFmLOAF0XSp3djtDasVZMoDS5skaSoNifMH6RUWEJisWkaMGL1Crtija6CdlgmrwVLeKI084lash9xX0x8UfJfTGhYsJyqaTCYOrxt5Qs2X3t+ceoItbaqbRRGwkmcme9m0ydUetdjnYIntr8Gy3TX+p2JuR4D8VSVYtNlR6FFE1zbNWmz4qjimdQWmwqpqkAC1iWYwNb7KFwDX9pnX6V+wGmTV/UmQOOtAEUnmy8Nw/orZP2ifEm7/hEWJD6MzrWiY8XMIx3QQMDuziLuk/s1CbmEozCgKbX1KPxwuijK7YUhR6MJrxgEfp+QT4jeh6DblSGv7gR9a5l/PMBbzzakvb1MO1bK7qXPkaOGGJEHSZupRZ4NsvQkULFPgyCvHUfqI+PjR+3HzP+xXEnlfKSAFLtBZD07D60GZ4UPwKlCSBf7+wPUhFsZ74saBtGCwCQrHOOgPFVh6IpGt/TWkmLZ1O4pz3t6L2nHf2VBWtJGL8+5Ab2Rm5bsPYU5DbwIbQ/5QfRHN8aXgy7mRI9Kh8Jdgdneh84OzU2AyVRvOeSG8bsUwC6nf1v0RlQ2uPzD0JnoHlYPRM8Z4LntASPAfpggqmO9SFS9LQMD+i8dfMeL7M975WcM+YPz5j88zAPDv0Q6aMrvfyoNoiyT5w9zY/AJ0DZz8PVEjpvw9UD1wuHbz12YO9hoA1aLiL27/KvhzfVpS+dGngu+DYMa6xsf0CxREAmfxk9OvpuvfPTR4OyqzCbBPWjbCk/6GpBjgeluy6s7HAr5hgoXB9C4ZpqWQcC3iJ9f6lJZ7djIvEmT3roy6p7ojT5tmqZWqe4rdrhs87P0x9D4s3pxnGGYmcodkoo5vSy89Yrg2Jlb92n//Jj9ksuPLqjCW7U267JH+hWFBWr/1RTrO3Vf03S3v4H</diagram></mxfile>