<mxfile host="Chrome" modified="2021-03-15T15:51:29.889Z" agent="5.0 (Windows NT 10.0; Win64; x64) AppleWebKit/537.36 (KHTML, like Gecko) Chrome/89.0.4389.82 Safari/537.36" etag="poObOfAyInJtzKwrh0Db" version="14.3.0" type="device"><diagram id="RCusqjx_xYJcoAcSKzop" name="PÃ¡gina-1">xZVNc5swEIZ/DTPJheHDdupjYzvpoZ0cfGh7lNEWqRGIEYsN/fWVYDHG2Ek7ybQXRnq0y0rvvgIvXmX1o2GF+KI5KC8KeO3Fay+KZsuFfTrQdCAO5h1IjeQdCgewlb+AYEC0khzKUSBqrVAWY5joPIcER4wZow/jsB9ajasWLIUJ2CZMTelXyVF09EN0N/BPIFPRVw4Xy24lY30wnaQUjOvDCYo3XrwyWmM3yuoVKKddr0uX93Bl9bgxAzn+SULUJeyZquhsN0ypW4t2rLTko2DltmAJWHIT+n54S/vGphcDuNWGptqg0KnOmdoM9N7oKufgKgZ2NsR81rqwMLTwJyA21GhWobZIYKZoFWqJ307G392r/DnN1jW9uZ00NOGsFG1NlzSVhZQqdWUSOkhMTmImBYqadcgd8SSNpHwEnQGaxgYYUAzlfmwPRi5Lj3FDI+yAenG5L/GkL9SP+0oqLvN00oaxyAchEbrGxeuDvYRjQa/qsQeDUL941n71jizc9Can+WG4EWFvc3FyG2bB2+WZXZOHvPqftZkFY22ixT/UZj7RxosWCt2VkHs7TLE9ZId2PWj1I2grHLnV1O0RsWhHD27Nhvo5y6B0GvqJzjzn12PuhTIvVdYowLQvv1D9rHQbe7X2zpwXOd/NmS/s17dww1wjvG6MHUue09ZKTxUqmQNxzszzk82S2H57/GD+Pi46u2DRhQsWLS+YKAz+3kV2Ovx02rWTP3e8+Q0=</diagram></mxfile>