<mxfile host="Chrome" modified="2021-04-27T12:07:45.901Z" agent="5.0 (X11; Linux x86_64) AppleWebKit/537.36 (KHTML, like Gecko) Chrome/90.0.4430.85 Safari/537.36" etag="5C9N4PPXXCIBMO3h_3b4" version="14.6.5" type="device"><diagram id="RCusqjx_xYJcoAcSKzop" name="PÃ¡gina-1">7Rxrc9q49tcws/sBxvLbH4E07e7NbdKks9vulzvCFuDEWK4tQthffyVbNpYsE5MYQqdhmInPsZ7nfY5EBsZ09fQxhcnyvzhA0UDXgqeBcTHQdWDYDv3DMNsCYxh2gVikYcAb7RB34b9IRK7DAGUCimAckTARkT6OY+QTAQfTFG/EZnMciZMmcIEaiDsfRk3s32FAlgXW1Z0d/hMKF8tyZmB7xZsVLBtrBSJbwgBvaijjw8CYphiT4mn1NEURo11JlqLfZcvbamEpikmXDnrR4RFGa76332AU/U5RM5hRzHgJs7sE+ohifgOj0eff+brJtiQGCihtOIhTssQLHMPoww47SfE6DhCbUaPQrs0VxglFAoq8R4RsOZ/hmmCKWpJVxN+ip5B8qz1/Z0ONdIuDF0986BzYcqBJCk6dDK9Tny/e4NID0wXircwCxbZV68bJ9xHhFSLpljZIUQRJ+CiKBOSStajaVV1vcEgXomtcCYxSJrgKAEcXhyiWyXvVWSgNZLmmMJChu+JAxeYaA9GH2n52qFxC1NJiNKSFS8lkHUZBGC8awiGyfrMMCSrEybjYUNMgsrmVY48oJehpLzf4W9cRaOHxFW92WgrKJsuahppaO/sEeu0hjtlGHK4/b0wZUyKNYYMmbUqz1DdtrAZtBrod0QkmQfhIHxck32SBmpWInH4cSWeo8JSmbI2EJPnTJXtHm45iuEIZo+HIx6sBk9aqr2KafTNjskRpPrhidmnqvG3r3LNUnuTw1cyYN+i0Ftry1XvPqJTNzVkULFonteGKCWg8ywo5ra1g1/tgQkgKQl1jwh5jTNDzGjKD/sMi16nrNYnCGHF8ANOHa9orJLlfGGlWP+oENEtQJ1NzG+qkewp1AloP+vSfC2sc3M3wn2Fgx3f6jy+bZDV8mZIFPuWdnyJIcLvEiwy/XOeL+UxF/hUqtqGbG1OCZyGO/4jnuF3EKddG4OUz5TskIWGC1TbFV7RKqDtnYc51THCEF9sDxTTA/nqVy9OzolpY/qtZiYjgDEWTSoCndPo0H9yY5x+mlCTFD6j2Rss/9M0cx4QHTkDnsKpdVrShYZMhfsyeFEI3RqJKWIbeVAnLaKqE14NG6Lfu7b2TPc6+Jd6f9+7i0/34y9BT+OTclsIgSFGW8aAWNIPag7xzFsPkKy4CrAKTsOd8N9aEfnPxnWoDiw49zWFdgg0JNiXYkmBbgh0JdiXYE2EG0TWJsCHBlgQ7EuzVxmf7A9L+gLQ/IO0PSPsD0v6AtD8g7Q9I+9vBQNofkPYHpP0BaX9gtz/6PUZgCowTRqZ/Tyc/7u8v0B/br3de+M/11LEfhq7CW8iZXRyMWbZMIT+CWRb6UloWl6m5SyGY+hzKzQ3NOkjZG9NZStxlGJX9A5gtcx1rz/F6SPH2WoaXJH41llkKB1/iXpsflmkclxjd8MQhuuaHZrmgciDZ3Lbkh5R5cFtrxm1a+4I9aR5bKD3Qh2LElyafSin2usQ8VUkjt/14do98cpPihCpvVy/PhOKKuWlRA2AULmKmHlQAWcIwYQYh9GE05i9WYRAUNRBEHTCcRaV+iB5CbWT26q1seapqF59kUC8oqSzSkFpID+gCz4agF9kdShUIPJ9n6LXFByU1AGgIAM+6m3nHJ7zO3j4PHwIHiHpiOU1XYB8pEVcTsVkF3OcLqOLEIlkUMafnFQ6Cm3utYe4F3yF6i2L8ureoPEqrv2nlzJmY8yEwpXqfK7Gzqz0H0jhllN1/uU8tLM0iYJUfRkK2GO3SPB/T9Aqx9Oh6Xr0Xc0u13aVKRY5ncttypQ4JWUdrXalWH+ba0B2nn9jCHAHnZCa6k49+XoYu17FPQnZuUPPdeyRJrFl0Lh8UQQIjL1kHqOlFOgYM6RKvZuvsNC7FkIpRFlAUo1TGzbGO5FIU1fAXMf0CEki2CToBy8sXWQLj8o0sBqzAWXv9M8iCbZtvLAtmszDJY7Q8ItNAk2CHxGR5AYz3NfugoCnmMaxC1ojPjnVQoiagvZ+AzWjtbQkIpBDFBFY3Csopbn8UPKzacYQItyxvlDWM3sobe1WuXt7Ymz+dTZRsiQmpWdaLD42Sh7rjjbTqAzTp9NOVxj1y1Gwqg6BW55cGc3ZmQR3fLxUtm30WN14fLVdFEXck5VjHi5YtVXr1Npaqsk7f68ZJaakoW9Nt0am4lcPg79XwFNj1y6EeTJz9k5o4W7JEnlQs62zhQEmCciTztDbNUsb47zatRaF/CZt2e4Eur27ulp9d46/tt5t0PvXXQ9CMvmI66TjfA7VCDft2ghuFO4PVj72qmyE1EbqaodfaF0MXDYzu2C80MNZzR1DHNjDNxHEFydmmPYYj2WOdw2+W9pQnC28YTFR6VteymtK16NnRToP3CtpPF0votihyuma+UNfPK12yVPn6e2jRpt6/RGihJkEzr2YRAPcQxrl5CFN0qKpLo0fzEL73Py+73sy9r7f/bMASaWD5V+c7o2d1NoPjxU90OGO5UjXUOeHhzN5QVMF1JvICrewfa1y+GBZ3SNnle+AkTwW9+fuK1h/0wdgduFaNFcWgbTdroihMWDH7OV7ALCl+yzUPn5gGCzdfnb6YZYjMAm7znp6hUtAeav9qXukNXuW505RdyHvlycn7vdX3e6vPn4aVv0srNcJS+CztpCrRLJHuVOKVSeG7SryrxMEqoavCuNOqhKoUe9JEX7yNp0rfy+fnThAOKxS08rOe9O+Ngp6v3HF7cy5Jv2WLWQSwpLtc3Qt8pvjTYaAdLc1XU1aVfpyZ2O4/+DqF+OlnJn5ArDkBQ8pTOoufbEc9qWzQn/TZ3sPdeJzhG306cT9eLK6GX26VuW//widfdK7/ji/G7HeqEyV/FVL1dkeWkpkALzxRkE8m+jpOoODuX2YUzXf/d8T48H8=</diagram></mxfile>