<mxfile host="Chrome" modified="2021-04-15T13:43:55.059Z" agent="5.0 (X11; Linux x86_64) AppleWebKit/537.36 (KHTML, like Gecko) Chrome/89.0.4389.114 Safari/537.36" etag="AEujIS6BPVFLc70Tus_8" version="14.5.0" type="device"><diagram id="RCusqjx_xYJcoAcSKzop" name="PÃ¡gina-1">7Vtbc5s4FP41nmkf7EEIjHlMnKZpN9u0dWfa3TcBso0DiIIcx/vrVwJxkcA2dnCS6cSTmXKObpzv3GV3AKfh48cExcu/iYeDga55jwN4NdB1ACZj9g/nbHOODo2csUh8T0yqGDP/Pywz176HU4lFCQmoH8tMl0QRdqnEQ0lCNvK0OQnkQ2O0wA3GzEVBk/vT9+gy5050q+LfYH+xLE4GYzsfCVExWcsZ6RJ5ZFNjwQ8DOE0IoflT+DjFAceugCVfd71jtHyxBEe0ywI9X/CAgrWQ7R0KgveM5aCUcS6WKJ3FyMWM8w6MRl/ei/em2wIM7DFsBEkSuiQLEqHgQ8W9TMg68jA/UWNUNeeWkJgxAWOuMKVboWe0poSxljQMxCh+9Omv2vM/fKuRKairR7FzRmwF4aF0mZ3JFzVhEUilZJ24QhAoLAklCyxmCavkItaWCSg/YhJimmzZhAQHiPoPsnkgYWWLcl6lCPYgdNGuF9jQi9DH5doPPD9aNNQgg7xZ+hTnioNXG+aEMqA78XjACcWPe2UtRk1hwsKFgS3oTeURYCx4y5o3GNrT4TF2wSNs9YWxMYGMDTRbsNHPhI3ZwGagjwPKXcJ/YI8LmgmZs5yCkeEnmOyEks8w5e9IaZw9XfMxNnUUoRCnHMORS8IBt9dybcsx+04mdImTbPOW05Wjs7k7z3YS9ZDj38bhkbfTu7CZT5Y9ZVY2N5zAW+w8dIxCbqCRk+Z2WnuDavXRQCgOwtJQzB8jQvFhD3GQe7/IfOpuTQM/woLvoeT+jq3yaRaER5rZU6jRTMmdDG3ScCfdbnEnoPXgT39dmRfezCGffW8czfTf3zZxODzNyTyX6c5NMKJkt8XLCr9eZy/zhZn8E1xsw4S7YICnPok+RXOy28SZ1kbg9JMyCalPuWHtOuIHDmOWLnlJcRdREpDF9kgz9Yi7DjN7OmiqeeS/dQpGgBwcXJYGPGXHJ9nmcJ59uFPShNzj2oiWfdjInERUFClAF3TbvDSfo410KH+MnhxChyPZJUyoN13ChE2XsHvwCP375PvKSh+cX7H9eTVZ3Kwuvg3tlpycxVLkeQlOUzaU55IZTZ5cv6QRin+Qr8TPIOScmD9nMpmX7C8z4qk2MNnW04zWFRoqtKHQpkKPFdpS6IlC2zLNKfZOMg0V2lRoS6Ht2v5cPqDIBxT5gCIfUOQDinxAkQ8o8gFFvooGinxAkQ8o8gFFPlDJx/76cRJDLsL0tiLsXAXqz+nl79XqCn/a/pjZ/r93U2t8P5y0JA21mYq8C96gMsoNUJr6rtIJRUU3PGEUSlxBFe1Ps0uy9rdJKWt3aHEkYa9W8K79QK6IlSaoa+/U0GFTYTWFmC36KHidmyxxQh4eSnsoe+6iYZkoes7lEavqPbOykaF0Po2YmqPQ2IihjLa1aSJk7XxhaCvnjKVenj3kO1YGWWJ6uo3aXQqb8o4gC/DEWWGXfk1IzHxzm10UgPcdMzo3qluekmUzR4G/iLgPMNPhzcEld3vfRcGFGAh9z8vvFjBLtsgJCieQ80AVShpxo7wdEosHpX3ULXa3H++MO0MWB22gS6obgqeZcDGFzOcppooV9KJ3ABqKFy31DVmnvbTULSroEBwKVIEFlHBuvXA4L3TcMZ4z94hkWFrKR9vOg7yIvo2LLDn+y8E7378evMsAfzBnsDwB7FreYEasaWBv5uDEV5z4DEzuohmvQ6bYa331/AFfWf4YltZVxmP7tAQytDm6xQdoxT7FvsakNqxpBRIH0ktvkaB591g2pYHUogZVb+kS1tNh3pPdzctxuaFtTwAsItDzxf5dDVqHLrD/tJHHi315A+qW1YutQmMELHnRGVNHp5rhsA1dryOX+vyLgaqW2GdJ8kVJ5zuLvGjh8NK1V16qHH1llixJ6KzT50l+ULkBM0HLDVhb7LPMMyW/liv4k5R+hSii2xi/qfyAyscvrnKjeelZLxE10ATsmCIxu1wTa40+EFT6f1h8x/wcX8K0AzjeD2CzfHxZAAGQCxMDmN0QhPa5EDzuCuUMJXdZMA+6fxU9OLEqLhyuXhXvLZ9fUa1syg2wYSpFbOdaWbdsqVi2ZKeePG9xbLTWOjtzXOLN+fchLL+9FcX7PPq8RXF5CTMZ6fKi8xXFZlsX9byRKmIS5L09MM2CweMVGOWtPaeriJVR2zrVsbs/8LOavamwY2h7i2N9m2dr+f4Wx06OY7ld/IFxrFn0h4i+2pIVGnLJCotA82Ila3FN/RoSQT0JiKJ1Xw444VeXPaYI87jq9y1F9O35bb3WW4p4Qoqw/tAU0eyJ+O+6RYaAry5DTGR3bfkxYV8ZgpHVT/lzuKv/DwE//A8=</diagram></mxfile>